This is pdfTeX, Version 3.141592653-2.6-1.40.22 (MiKTeX 21.2) (preloaded format=pdflatex 2021.3.10)  10 MAR 2021 14:14
entering extended mode
**./cczymara_cv.tex
(cczymara_cv.tex
LaTeX2e <2020-10-01> patch level 4
L3 programming layer <2021-02-18> xparse <2020-03-03> (C:\Program Files\MiKTeX 2.9\tex/latex/base\article.cls
Document Class: article 2020/04/10 v1.4m Standard LaTeX document class
(C:\Program Files\MiKTeX 2.9\tex/latex/base\size11.clo
File: size11.clo 2020/04/10 v1.4m Standard LaTeX file (size option)
)
\c@part=\count179
\c@section=\count180
\c@subsection=\count181
\c@subsubsection=\count182
\c@paragraph=\count183
\c@subparagraph=\count184
\c@figure=\count185
\c@table=\count186
\abovecaptionskip=\skip47
\belowcaptionskip=\skip48
\bibindent=\dimen138
) (C:\Program Files\MiKTeX 2.9\tex/latex/geometry\geometry.sty
Package: geometry 2020/01/02 v5.9 Page Geometry

(C:\Program Files\MiKTeX 2.9\tex/latex/graphics\keyval.sty
Package: keyval 2014/10/28 v1.15 key=value parser (DPC)
\KV@toks@=\toks15
)
(C:\Users\czymara.local\AppData\Roaming\MiKTeX\2.9\tex/generic/iftex\ifvtex.sty
Package: ifvtex 2019/10/25 v1.7 ifvtex legacy package. Use iftex instead.

(C:\Users\czymara.local\AppData\Roaming\MiKTeX\2.9\tex/generic/iftex\iftex.sty
Package: iftex 2020/03/06 v1.0d TeX engine tests
))
\Gm@cnth=\count187
\Gm@cntv=\count188
\c@Gm@tempcnt=\count189
\Gm@bindingoffset=\dimen139
\Gm@wd@mp=\dimen140
\Gm@odd@mp=\dimen141
\Gm@even@mp=\dimen142
\Gm@layoutwidth=\dimen143
\Gm@layoutheight=\dimen144
\Gm@layouthoffset=\dimen145
\Gm@layoutvoffset=\dimen146
\Gm@dimlist=\toks16

(C:\Program Files\MiKTeX 2.9\tex/latex/geometry\geometry.cfg))
(C:\Users\czymara.local\AppData\Roaming\MiKTeX\2.9\tex/latex/marginnote\marginnote.sty
Package: marginnote 2018/08/09 v1.4b non floating margin notes for LaTeX
\c@mn@abspage=\count190
)
(C:\Users\czymara.local\AppData\Roaming\MiKTeX\2.9\tex/latex/sectsty\sectsty.sty
Package: sectsty 2002/02/25 v2.0.2 Commands to change all sectional heading styles


LaTeX Warning: Command \underbar  has changed.
               Check if current package is valid.


LaTeX Warning: Command \underline  has changed.
               Check if current package is valid.

) (C:\Users\czymara.local\AppData\Roaming\MiKTeX\2.9\tex/latex/titlesec\titlesec.sty
Package: titlesec 2019/10/16 v2.13 Sectioning titles
\ttl@box=\box47
\beforetitleunit=\skip49
\aftertitleunit=\skip50
\ttl@plus=\dimen147
\ttl@minus=\dimen148
\ttl@toksa=\toks17
\titlewidth=\dimen149
\titlewidthlast=\dimen150
\titlewidthfirst=\dimen151
)
(C:\Users\czymara.local\AppData\Roaming\MiKTeX\2.9\tex/latex/enumitem\enumitem.sty
Package: enumitem 2019/06/20 v3.9 Customized lists
\labelindent=\skip51
\enit@outerparindent=\dimen152
\enit@toks=\toks18
\enit@inbox=\box48
\enit@count@id=\count191
\enitdp@description=\count192
)
(C:\Program Files\MiKTeX 2.9\tex/latex/hyperref\hyperref.sty
Package: hyperref 2021-02-27 v7.00k Hypertext links for LaTeX

(C:\Users\czymara.local\AppData\Roaming\MiKTeX\2.9\tex/generic/ltxcmds\ltxcmds.sty
Package: ltxcmds 2020-05-10 v1.25 LaTeX kernel commands for general use (HO)
)
(C:\Users\czymara.local\AppData\Roaming\MiKTeX\2.9\tex/generic/pdftexcmds\pdftexcmds.sty
Package: pdftexcmds 2020-06-27 v0.33 Utility functions of pdfTeX for LuaTeX (HO)

(C:\Users\czymara.local\AppData\Roaming\MiKTeX\2.9\tex/generic/infwarerr\infwarerr.sty
Package: infwarerr 2019/12/03 v1.5 Providing info/warning/error messages (HO)
)
Package pdftexcmds Info: \pdf@primitive is available.
Package pdftexcmds Info: \pdf@ifprimitive is available.
Package pdftexcmds Info: \pdfdraftmode found.
)
(C:\Users\czymara.local\AppData\Roaming\MiKTeX\2.9\tex/generic/kvsetkeys\kvsetkeys.sty
Package: kvsetkeys 2019/12/15 v1.18 Key value parser (HO)
)
(C:\Users\czymara.local\AppData\Roaming\MiKTeX\2.9\tex/generic/kvdefinekeys\kvdefinekeys.sty
Package: kvdefinekeys 2019-12-19 v1.6 Define keys (HO)
)
(C:\Users\czymara.local\AppData\Roaming\MiKTeX\2.9\tex/generic/pdfescape\pdfescape.sty
Package: pdfescape 2019/12/09 v1.15 Implements pdfTeX's escape features (HO)
)
(C:\Users\czymara.local\AppData\Roaming\MiKTeX\2.9\tex/latex/hycolor\hycolor.sty
Package: hycolor 2020-01-27 v1.10 Color options for hyperref/bookmark (HO)
)
(C:\Users\czymara.local\AppData\Roaming\MiKTeX\2.9\tex/latex/letltxmacro\letltxmacro.sty
Package: letltxmacro 2019/12/03 v1.6 Let assignment for LaTeX macros (HO)
)
(C:\Users\czymara.local\AppData\Roaming\MiKTeX\2.9\tex/latex/auxhook\auxhook.sty
Package: auxhook 2019-12-17 v1.6 Hooks for auxiliary files (HO)
)
(C:\Users\czymara.local\AppData\Roaming\MiKTeX\2.9\tex/latex/kvoptions\kvoptions.sty
Package: kvoptions 2020-10-07 v3.14 Key value format for package options (HO)
)
\@linkdim=\dimen153
\Hy@linkcounter=\count193
\Hy@pagecounter=\count194

(C:\Program Files\MiKTeX 2.9\tex/latex/hyperref\pd1enc.def
File: pd1enc.def 2021-02-27 v7.00k Hyperref: PDFDocEncoding definition (HO)
Now handling font encoding PD1 ...
... no UTF-8 mapping file for font encoding PD1
)
(C:\Program Files\MiKTeX 2.9\tex/latex/hyperref\hyperref-langpatches.def
File: hyperref-langpatches.def 2021-02-27 v7.00k Hyperref: patches for babel languages
)
(C:\Users\czymara.local\AppData\Roaming\MiKTeX\2.9\tex/generic/intcalc\intcalc.sty
Package: intcalc 2019/12/15 v1.3 Expandable calculations with integers (HO)
)
(C:\Users\czymara.local\AppData\Roaming\MiKTeX\2.9\tex/generic/etexcmds\etexcmds.sty
Package: etexcmds 2019/12/15 v1.7 Avoid name clashes with e-TeX commands (HO)
)
\Hy@SavedSpaceFactor=\count195

(C:\Program Files\MiKTeX 2.9\tex/latex/hyperref\puenc.def
File: puenc.def 2021-02-27 v7.00k Hyperref: PDF Unicode definition (HO)
Now handling font encoding PU ...
... no UTF-8 mapping file for font encoding PU
)
Package hyperref Info: Option `bookmarks' set `true' on input line 4073.
Package hyperref Info: Option `colorlinks' set `true' on input line 4073.
Package hyperref Info: Option `breaklinks' set `true' on input line 4073.
Package hyperref Info: Hyper figures OFF on input line 4192.
Package hyperref Info: Link nesting OFF on input line 4197.
Package hyperref Info: Hyper index ON on input line 4200.
Package hyperref Info: Plain pages OFF on input line 4207.
Package hyperref Info: Backreferencing OFF on input line 4212.
Package hyperref Info: Implicit mode ON; LaTeX internals redefined.
Package hyperref Info: Bookmarks ON on input line 4445.
\c@Hy@tempcnt=\count196
 (C:\Program Files\MiKTeX 2.9\tex/latex/url\url.sty
\Urlmuskip=\muskip16
Package: url 2013/09/16  ver 3.4  Verb mode for urls, etc.
)
LaTeX Info: Redefining \url on input line 4804.
\XeTeXLinkMargin=\dimen154

(C:\Users\czymara.local\AppData\Roaming\MiKTeX\2.9\tex/generic/bitset\bitset.sty
Package: bitset 2019/12/09 v1.3 Handle bit-vector datatype (HO)

(C:\Users\czymara.local\AppData\Roaming\MiKTeX\2.9\tex/generic/bigintcalc\bigintcalc.sty
Package: bigintcalc 2019/12/15 v1.5 Expandable calculations on big integers (HO)
))
\Fld@menulength=\count197
\Field@Width=\dimen155
\Fld@charsize=\dimen156
Package hyperref Info: Hyper figures OFF on input line 6075.
Package hyperref Info: Link nesting OFF on input line 6080.
Package hyperref Info: Hyper index ON on input line 6083.
Package hyperref Info: backreferencing OFF on input line 6090.
Package hyperref Info: Link coloring ON on input line 6093.
Package hyperref Info: Link coloring with OCG OFF on input line 6100.
Package hyperref Info: PDF/A mode OFF on input line 6105.
LaTeX Info: Redefining \ref on input line 6145.
LaTeX Info: Redefining \pageref on input line 6149.

(C:\Program Files\MiKTeX 2.9\tex/latex/base\atbegshi-ltx.sty
Package: atbegshi-ltx 2020/08/17 v1.0a Emulation of the original atbegshi package
with kernel methods
)
\Hy@abspage=\count198
\c@Item=\count199
\c@Hfootnote=\count266
)
Package hyperref Info: Driver (autodetected): hpdftex.

(C:\Program Files\MiKTeX 2.9\tex/latex/hyperref\hpdftex.def
File: hpdftex.def 2021-02-27 v7.00k Hyperref driver for pdfTeX

(C:\Program Files\MiKTeX 2.9\tex/latex/base\atveryend-ltx.sty
Package: atveryend-ltx 2020/08/19 v1.0a Emulation of the original atvery package
with kernel methods
)
\Fld@listcount=\count267
\c@bookmark@seq@number=\count268

(C:\Users\czymara.local\AppData\Roaming\MiKTeX\2.9\tex/latex/rerunfilecheck\rerunfilecheck.sty
Package: rerunfilecheck 2019/12/05 v1.9 Rerun checks for auxiliary files (HO)

(C:\Users\czymara.local\AppData\Roaming\MiKTeX\2.9\tex/generic/uniquecounter\uniquecounter.sty
Package: uniquecounter 2019/12/15 v1.4 Provide unlimited unique counter (HO)
)
Package uniquecounter Info: New unique counter `rerunfilecheck' on input line 286.
)
\Hy@SectionHShift=\skip52
)
(C:\Program Files\MiKTeX 2.9\tex/latex/fontawesome5\fontawesome5.sty
(C:\Program Files\MiKTeX 2.9\tex/latex/l3kernel\expl3.sty
Package: expl3 2021-02-18 L3 programming layer (loader) 

(C:\Users\czymara.local\AppData\Roaming\MiKTeX\2.9\tex/latex/l3backend\l3backend-pdftex.def
File: l3backend-pdftex.def 2020-01-29 L3 backend support: PDF output (pdfTeX)
\l__color_backend_stack_int=\count269
\l__pdf_internal_box=\box49
))
Package: fontawesome5 2020/03/24 v5.13.0 Font Awesome 5

(C:\Program Files\MiKTeX 2.9\tex/latex/l3packages/l3keys2e\l3keys2e.sty
Package: l3keys2e 2020-10-27 LaTeX2e option processing using LaTeX3 keys
)
(C:\Program Files\MiKTeX 2.9\tex/latex/l3packages/xparse\xparse.sty
Package: xparse 2020-10-27 L3 Experimental document command parser

(C:\Program Files\MiKTeX 2.9\tex/latex/l3packages/xparse\xparse-generic.tex))
(C:\Program Files\MiKTeX 2.9\tex/latex/fontawesome5\fontawesome5-generic-helper.sty
Package: fontawesome5-generic-helper 2020/03/24 v5.13.0 non-uTeX helper for fontawesome5

(C:\Program Files\MiKTeX 2.9\tex/latex/fontawesome5\fontawesome5-mapping.def))) (cczymara_cv.aux)
\openout1 = `cczymara_cv.aux'.

LaTeX Font Info:    Checking defaults for OML/cmm/m/it on input line 38.
LaTeX Font Info:    ... okay on input line 38.
LaTeX Font Info:    Checking defaults for OMS/cmsy/m/n on input line 38.
LaTeX Font Info:    ... okay on input line 38.
LaTeX Font Info:    Checking defaults for OT1/cmr/m/n on input line 38.
LaTeX Font Info:    ... okay on input line 38.
LaTeX Font Info:    Checking defaults for T1/cmr/m/n on input line 38.
LaTeX Font Info:    ... okay on input line 38.
LaTeX Font Info:    Checking defaults for TS1/cmr/m/n on input line 38.
LaTeX Font Info:    ... okay on input line 38.
LaTeX Font Info:    Checking defaults for OMX/cmex/m/n on input line 38.
LaTeX Font Info:    ... okay on input line 38.
LaTeX Font Info:    Checking defaults for U/cmr/m/n on input line 38.
LaTeX Font Info:    ... okay on input line 38.
LaTeX Font Info:    Checking defaults for PD1/pdf/m/n on input line 38.
LaTeX Font Info:    ... okay on input line 38.
LaTeX Font Info:    Checking defaults for PU/pdf/m/n on input line 38.
LaTeX Font Info:    ... okay on input line 38.

*geometry* driver: auto-detecting
*geometry* detected driver: pdftex
*geometry* verbose mode - [ preamble ] result:
* driver: pdftex
* paper: a4paper
* layout: <same size as paper>
* layoutoffset:(h,v)=(0.0pt,0.0pt)
* modes: 
* h-part:(L,W,R)=(128.891pt, 397.48499pt, 71.13188pt)
* v-part:(T,H,B)=(77.84674pt, 650.43pt, 116.77011pt)
* \paperwidth=597.50787pt
* \paperheight=845.04684pt
* \textwidth=397.48499pt
* \textheight=650.43pt
* \oddsidemargin=56.62102pt
* \evensidemargin=56.62102pt
* \topmargin=-31.42325pt
* \headheight=12.0pt
* \headsep=25.0pt
* \topskip=11.0pt
* \footskip=30.0pt
* \marginparwidth=72.26999pt
* \marginparsep=7.0pt
* \columnsep=10.0pt
* \skip\footins=10.0pt plus 4.0pt minus 2.0pt
* \hoffset=0.0pt
* \voffset=0.0pt
* \mag=1000
* \@twocolumnfalse
* \@twosidefalse
* \@mparswitchfalse
* \@reversemargintrue
* (1in=72.27pt=25.4mm, 1cm=28.453pt)

(C:\Program Files\MiKTeX 2.9\tex/latex/graphics\color.sty
Package: color 2020/02/24 v1.2b Standard LaTeX Color (DPC)
 (C:\Program Files\MiKTeX 2.9\tex/latex/graphics-cfg\color.cfg
File: color.cfg 2016/01/02 v1.6 sample color configuration
)
Package color Info: Driver file: pdftex.def on input line 147.
(C:\Program Files\MiKTeX 2.9\tex/latex/graphics-def\pdftex.def
File: pdftex.def 2020/10/05 v1.2a Graphics/color driver for pdftex

(C:\Program Files\MiKTeX 2.9\tex/context/base/mkii\supp-pdf.mkii
[Loading MPS to PDF converter (version 2006.09.02).]
\scratchcounter=\count270
\scratchdimen=\dimen157
\scratchbox=\box50
\nofMPsegments=\count271
\nofMParguments=\count272
\everyMPshowfont=\toks19
\MPscratchCnt=\count273
\MPscratchDim=\dimen158
\MPnumerator=\count274
\makeMPintoPDFobject=\count275
\everyMPtoPDFconversion=\toks20
)))
Package hyperref Info: Link coloring ON on input line 38.
 (C:\Program Files\MiKTeX 2.9\tex/latex/hyperref\nameref.sty
Package: nameref 2021-04-02 v2.47 Cross-referencing by name of section

(C:\Users\czymara.local\AppData\Roaming\MiKTeX\2.9\tex/latex/refcount\refcount.sty
Package: refcount 2019/12/15 v3.6 Data extraction from label references (HO)
)
(C:\Users\czymara.local\AppData\Roaming\MiKTeX\2.9\tex/generic/gettitlestring\gettitlestring.sty
Package: gettitlestring 2019/12/15 v1.6 Cleanup title references (HO)
)
\c@section@level=\count276
)
LaTeX Info: Redefining \ref on input line 38.
LaTeX Info: Redefining \pageref on input line 38.
LaTeX Info: Redefining \nameref on input line 38.
 (cczymara_cv.out)
(cczymara_cv.out)
\@outlinefile=\write3
\openout3 = `cczymara_cv.out'.

LaTeX Font Info:    External font `cmex10' loaded for size
(Font)              <12> on input line 42.
LaTeX Font Info:    External font `cmex10' loaded for size
(Font)              <8> on input line 42.
LaTeX Font Info:    External font `cmex10' loaded for size
(Font)              <6> on input line 42.
LaTeX Font Info:    Trying to load font information for U+fontawesomefree1 on input line 43.
 (C:\Program Files\MiKTeX 2.9\tex/latex/fontawesome5\ufontawesomefree1.fd)
LaTeX Font Info:    Trying to load font information for U+fontawesomebrands1 on input line 46.

(C:\Program Files\MiKTeX 2.9\tex/latex/fontawesome5\ufontawesomebrands1.fd)
LaTeX Font Info:    Font shape `U/fontawesomebrands1/solid/n' in size <10.95> not available
(Font)              Font shape `U/fontawesomebrands1/regular/n' tried instead on input line 46.
LaTeX Font Info:    Trying to load font information for U+fontawesomebrands0 on input line 47.

(C:\Program Files\MiKTeX 2.9\tex/latex/fontawesome5\ufontawesomebrands0.fd)
LaTeX Font Info:    Font shape `U/fontawesomebrands0/solid/n' in size <10.95> not available
(Font)              Font shape `U/fontawesomebrands0/regular/n' tried instead on input line 47.
LaTeX Font Info:    External font `cmex10' loaded for size
(Font)              <10.95> on input line 51.

Overfull \hbox (2.43333pt too wide) in paragraph at lines 42--59
[]$[]$ $[]$ 
 []

Package marginnote Info: Margin note 1.1 is on absolute page 1 on input line 61.
Package marginnote Info: right page because not two side mode on input line 61.
Package marginnote Info: xpos seems to be 128.891pt on input line 61.
Package marginnote Info: Margin note 1.2 is on absolute page 1 on input line 68.
Package marginnote Info: right page because not two side mode on input line 68.
Package marginnote Info: xpos seems to be 128.891pt on input line 68.
Package marginnote Info: Margin note 1.3 is on absolute page 1 on input line 69.
Package marginnote Info: right page because not two side mode on input line 69.
Package marginnote Info: xpos seems to be 128.891pt on input line 69.
Package marginnote Info: Margin note 1.4 is on absolute page 1 on input line 70.
Package marginnote Info: right page because not two side mode on input line 70.
Package marginnote Info: xpos seems to be 128.891pt on input line 70.
Package marginnote Info: Margin note 1.5 is on absolute page 1 on input line 77.
Package marginnote Info: right page because not two side mode on input line 77.
Package marginnote Info: xpos seems to be 128.891pt on input line 77.
Package marginnote Info: Margin note 1.6 is on absolute page 1 on input line 78.
Package marginnote Info: right page because not two side mode on input line 78.
Package marginnote Info: xpos seems to be 128.891pt on input line 78.
Package marginnote Info: Margin note 1.7 is on absolute page 1 on input line 79.
Package marginnote Info: right page because not two side mode on input line 79.
Package marginnote Info: xpos seems to be 128.891pt on input line 79.
Package marginnote Info: Margin note 1.8 is on absolute page 1 on input line 80.
Package marginnote Info: right page because not two side mode on input line 80.
Package marginnote Info: xpos seems to be 128.891pt on input line 80.

Underfull \hbox (badness 10000) in paragraph at lines 77--83

 []

Package marginnote Info: Margin note 1.9 is on absolute page 2 on input line 85.
Package marginnote Info: right page because not two side mode on input line 85.
Package marginnote Info: xpos seems to be 128.891pt on input line 85.
Package marginnote Info: Margin note 1.10 is on absolute page 2 on input line 86.
Package marginnote Info: right page because not two side mode on input line 86.
Package marginnote Info: xpos seems to be 128.891pt on input line 86.
Package marginnote Info: Margin note 1.11 is on absolute page 2 on input line 87.
Package marginnote Info: right page because not two side mode on input line 87.
Package marginnote Info: xpos seems to be 128.891pt on input line 87.

Underfull \hbox (badness 10000) in paragraph at lines 84--88

 []

[1

{C:/Users/czymara.local/AppData/Local/MiKTeX/2.9/pdftex/config/pdftex.map}]
Package marginnote Info: Margin note 2.1 is on absolute page 2 on input line 90.
Package marginnote Info: right page because not two side mode on input line 90.
Package marginnote Info: xpos seems to be 128.891pt on input line 90.
Package marginnote Info: Margin note 2.2 is on absolute page 2 on input line 91.
Package marginnote Info: right page because not two side mode on input line 91.
Package marginnote Info: xpos seems to be 128.891pt on input line 91.
Package marginnote Info: Margin note 2.3 is on absolute page 2 on input line 92.
Package marginnote Info: right page because not two side mode on input line 92.
Package marginnote Info: xpos seems to be 128.891pt on input line 92.

Underfull \hbox (badness 10000) in paragraph at lines 106--107

 []

Package marginnote Info: Margin note 2.4 is on absolute page 2 on input line 108.
Package marginnote Info: right page because not two side mode on input line 108.
Package marginnote Info: xpos seems to be 128.891pt on input line 108.
Package marginnote Info: Margin note 2.5 is on absolute page 2 on input line 109.
Package marginnote Info: right page because not two side mode on input line 109.
Package marginnote Info: xpos seems to be 128.891pt on input line 109.
Package marginnote Info: Margin note 2.6 is on absolute page 2 on input line 110.
Package marginnote Info: right page because not two side mode on input line 110.
Package marginnote Info: xpos seems to be 128.891pt on input line 110.
Package marginnote Info: Margin note 2.7 is on absolute page 2 on input line 111.
Package marginnote Info: right page because not two side mode on input line 111.
Package marginnote Info: xpos seems to be 128.891pt on input line 111.
Package marginnote Info: Margin note 2.8 is on absolute page 2 on input line 112.
Package marginnote Info: right page because not two side mode on input line 112.
Package marginnote Info: xpos seems to be 128.891pt on input line 112.
Package marginnote Info: Margin note 2.9 is on absolute page 3 on input line 113.
Package marginnote Info: right page because not two side mode on input line 113.
Package marginnote Info: xpos seems to be 128.891pt on input line 113.
Package marginnote Info: Margin note 2.10 is on absolute page 3 on input line 114.
Package marginnote Info: right page because not two side mode on input line 114.
Package marginnote Info: xpos seems to be 128.891pt on input line 114.
Package marginnote Info: Margin note 2.11 is on absolute page 3 on input line 115.
Package marginnote Info: right page because not two side mode on input line 115.
Package marginnote Info: xpos seems to be 128.891pt on input line 115.
[2]
Package marginnote Info: Margin note 3.1 is on absolute page 3 on input line 123.
Package marginnote Info: right page because not two side mode on input line 123.
Package marginnote Info: xpos seems to be 128.891pt on input line 123.
Package marginnote Info: Margin note 3.2 is on absolute page 3 on input line 130.
Package marginnote Info: right page because not two side mode on input line 130.
Package marginnote Info: xpos seems to be 128.891pt on input line 130.
Package marginnote Info: Margin note 3.3 is on absolute page 3 on input line 131.
Package marginnote Info: right page because not two side mode on input line 131.
Package marginnote Info: xpos seems to be 128.891pt on input line 131.
Package marginnote Info: Margin note 3.4 is on absolute page 3 on input line 132.
Package marginnote Info: right page because not two side mode on input line 132.
Package marginnote Info: xpos seems to be 128.891pt on input line 132.
Package marginnote Info: Margin note 3.5 is on absolute page 3 on input line 133.
Package marginnote Info: right page because not two side mode on input line 133.
Package marginnote Info: xpos seems to be 128.891pt on input line 133.
Package marginnote Info: Margin note 3.6 is on absolute page 3 on input line 134.
Package marginnote Info: right page because not two side mode on input line 134.
Package marginnote Info: xpos seems to be 128.891pt on input line 134.
 [3]
Package marginnote Info: Margin note 4.1 is on absolute page 4 on input line 145.
Package marginnote Info: right page because not two side mode on input line 145.
Package marginnote Info: xpos seems to be 128.891pt on input line 145.
Package marginnote Info: Margin note 4.2 is on absolute page 4 on input line 152.
Package marginnote Info: right page because not two side mode on input line 152.
Package marginnote Info: xpos seems to be 128.891pt on input line 152.
Package marginnote Info: Margin note 4.3 is on absolute page 4 on input line 156.
Package marginnote Info: right page because not two side mode on input line 156.
Package marginnote Info: xpos seems to be 128.891pt on input line 156.

Underfull \hbox (badness 10000) in paragraph at lines 144--161

 []

Package marginnote Info: Margin note 4.4 is on absolute page 4 on input line 163.
Package marginnote Info: right page because not two side mode on input line 163.
Package marginnote Info: xpos seems to be 128.891pt on input line 163.
Package marginnote Info: Margin note 4.5 is on absolute page 4 on input line 165.
Package marginnote Info: right page because not two side mode on input line 165.
Package marginnote Info: xpos seems to be 128.891pt on input line 165.
Package marginnote Info: Margin note 4.6 is on absolute page 4 on input line 166.
Package marginnote Info: right page because not two side mode on input line 166.
Package marginnote Info: xpos seems to be 128.891pt on input line 166.

Underfull \hbox (badness 10000) in paragraph at lines 174--179

 []

[4]
Package marginnote Info: Margin note 5.1 is on absolute page 5 on input line 189.
Package marginnote Info: right page because not two side mode on input line 189.
Package marginnote Info: xpos seems to be 128.891pt on input line 189.
LaTeX Font Info:    External font `cmex10' loaded for size
(Font)              <9> on input line 189.
LaTeX Font Info:    External font `cmex10' loaded for size
(Font)              <5> on input line 189.
Package marginnote Info: Margin note 5.2 is on absolute page 5 on input line 190.
Package marginnote Info: right page because not two side mode on input line 190.
Package marginnote Info: xpos seems to be 128.891pt on input line 190.
Package marginnote Info: Margin note 5.3 is on absolute page 5 on input line 191.
Package marginnote Info: right page because not two side mode on input line 191.
Package marginnote Info: xpos seems to be 128.891pt on input line 191.
Package marginnote Info: Margin note 5.4 is on absolute page 5 on input line 192.
Package marginnote Info: right page because not two side mode on input line 192.
Package marginnote Info: xpos seems to be 128.891pt on input line 192.
Package marginnote Info: Margin note 5.5 is on absolute page 5 on input line 193.
Package marginnote Info: right page because not two side mode on input line 193.
Package marginnote Info: xpos seems to be 128.891pt on input line 193.
Package marginnote Info: Margin note 5.6 is on absolute page 5 on input line 194.
Package marginnote Info: right page because not two side mode on input line 194.
Package marginnote Info: xpos seems to be 128.891pt on input line 194.

Overfull \hbox (0.79637pt too wide) in paragraph at lines 189--195
|[]\OT1/cmr/m/n/10.95 An ap-plied in-tro-duc-tion into quan-ti-ta-tive com-par-a-tive so-cial re-search (block): 1.7/5$[
]$ 
 []


Underfull \hbox (badness 10000) in paragraph at lines 189--195

 []

Package marginnote Info: Margin note 5.7 is on absolute page 5 on input line 196.
Package marginnote Info: right page because not two side mode on input line 196.
Package marginnote Info: xpos seems to be 128.891pt on input line 196.
Package marginnote Info: Margin note 5.8 is on absolute page 5 on input line 197.
Package marginnote Info: right page because not two side mode on input line 197.
Package marginnote Info: xpos seems to be 128.891pt on input line 197.
Package marginnote Info: Margin note 5.9 is on absolute page 5 on input line 198.
Package marginnote Info: right page because not two side mode on input line 198.
Package marginnote Info: xpos seems to be 128.891pt on input line 198.
Package marginnote Info: Margin note 5.10 is on absolute page 5 on input line 199.
Package marginnote Info: right page because not two side mode on input line 199.
Package marginnote Info: xpos seems to be 128.891pt on input line 199.

Underfull \hbox (badness 10000) in paragraph at lines 204--205

 []


Underfull \hbox (badness 10000) in paragraph at lines 206--207

 []


Underfull \hbox (badness 10000) in paragraph at lines 208--209

 []


Underfull \hbox (badness 10000) in paragraph at lines 210--211

 []


Underfull \hbox (badness 10000) in paragraph at lines 212--213

 []

[5] [6] (cczymara_cv.aux)
Package rerunfilecheck Info: File `cczymara_cv.out' has not changed.
(rerunfilecheck)             Checksum: D41D8CD98F00B204E9800998ECF8427E;0.
 ) 
Here is how much of TeX's memory you used:
 11836 strings out of 479323
 199406 string characters out of 2864623
 495947 words of memory out of 3000000
 29168 multiletter control sequences out of 15000+200000
 412881 words of font info for 58 fonts, out of 3000000 for 9000
 1141 hyphenation exceptions out of 8191
 71i,8n,75p,689b,392s stack positions out of 5000i,500n,10000p,200000b,50000s
 <C:\Users\czymara.local\AppData\Local\MiKTeX\2.9\fonts/pk/ljfour/jknappen/ec/dpi600\tcrm0600.pk> <C:\Users\czymara.lo
cal\AppData\Local\MiKTeX\2.9\fonts/pk/ljfour/jknappen/ec/dpi600\tcrm0800.pk>{C:/Program Files/MiKTeX 2.9/fonts/enc/dvips
/fontawesome5/fa5brands0.enc}{C:/Program Files/MiKTeX 2.9/fonts/enc/dvips/fontawesome5/fa5brands1.enc}{C:/Program Files/
MiKTeX 2.9/fonts/enc/dvips/fontawesome5/fa5free1.enc}<C:/Program Files/MiKTeX 2.9/fonts/type1/public/fontawesome5/FontAw
esome5Brands-Regular.pfb><C:/Program Files/MiKTeX 2.9/fonts/type1/public/fontawesome5/FontAwesome5Free-Regular.pfb><C:/P
rogram Files/MiKTeX 2.9/fonts/type1/public/fontawesome5/FontAwesome5Free-Solid.pfb><C:/Program Files/MiKTeX 2.9/fonts/ty
pe1/public/amsfonts/cm/cmcsc10.pfb><C:/Program Files/MiKTeX 2.9/fonts/type1/public/amsfonts/cm/cmmi10.pfb><C:/Program Fi
les/MiKTeX 2.9/fonts/type1/public/amsfonts/cm/cmr10.pfb><C:/Program Files/MiKTeX 2.9/fonts/type1/public/amsfonts/cm/cmr8
.pfb><C:/Program Files/MiKTeX 2.9/fonts/type1/public/amsfonts/cm/cmr9.pfb><C:/Program Files/MiKTeX 2.9/fonts/type1/publi
c/amsfonts/cm/cmsy10.pfb><C:/Program Files/MiKTeX 2.9/fonts/type1/public/amsfonts/cm/cmti10.pfb>
Output written on cczymara_cv.pdf (6 pages, 180678 bytes).
PDF statistics:
 123 PDF objects out of 1000 (max. 8388607)
 8 named destinations out of 1000 (max. 500000)
 1 words of extra memory for PDF output out of 10000 (max. 10000000)

